<?xml version="1.0" encoding="UTF-8"?>
<!DOCTYPE coverage SYSTEM "http://cobertura.sourceforge.net/xml/coverage-04.dtd">
<coverage line-rate="0.6585366" branch-rate="0" lines-covered="27" lines-valid="41" branches-covered="0" branches-valid="0" complexity="0" version="" timestamp="1703514198280">
	<packages>
		<package name="port_domain_service_backend/internal/adapters/handler" line-rate="0.6585366" branch-rate="0" complexity="0" line-count="41" line-hits="27">
			<classes>
				<class name="-" filename="internal/adapters/handler/http.go" line-rate="1" branch-rate="0" complexity="0" line-count="1" line-hits="1">
					<methods>
						<method name="NewHTTPHandler" signature="" line-rate="1" branch-rate="0" complexity="0" line-count="0" line-hits="0">
							<lines>
								<line number="19" hits="3"></line>
							</lines>
						</method>
					</methods>
					<lines>
						<line number="19" hits="3"></line>
					</lines>
				</class>
				<class name="HTTPHandler" filename="internal/adapters/handler/http.go" line-rate="0.65" branch-rate="0" complexity="0" line-count="40" line-hits="26">
					<methods>
						<method name="HomePage" signature="" line-rate="1" branch-rate="0" complexity="0" line-count="0" line-hits="0">
							<lines>
								<line number="25" hits="1"></line>
							</lines>
						</method>
						<method name="CreatePortDomain" signature="" line-rate="0.6666667" branch-rate="0" complexity="0" line-count="0" line-hits="0">
							<lines>
								<line number="30" hits="2"></line>
								<line number="31" hits="2"></line>
								<line number="32" hits="1"></line>
								<line number="33" hits="1"></line>
								<line number="34" hits="0"></line>
								<line number="35" hits="0"></line>
								<line number="37" hits="1"></line>
								<line number="39" hits="1"></line>
								<line number="40" hits="1"></line>
								<line number="41" hits="0"></line>
								<line number="42" hits="0"></line>
								<line number="45" hits="1"></line>
								<line number="46" hits="1"></line>
								<line number="47" hits="0"></line>
								<line number="48" hits="0"></line>
								<line number="50" hits="1"></line>
								<line number="52" hits="1"></line>
								<line number="53" hits="1"></line>
							</lines>
						</method>
						<method name="UpdatePortDomain" signature="" line-rate="0.61904764" branch-rate="0" complexity="0" line-count="0" line-hits="0">
							<lines>
								<line number="58" hits="2"></line>
								<line number="59" hits="2"></line>
								<line number="61" hits="2"></line>
								<line number="62" hits="1"></line>
								<line number="63" hits="0"></line>
								<line number="64" hits="0"></line>
								<line number="65" hits="0"></line>
								<line number="67" hits="1"></line>
								<line number="69" hits="1"></line>
								<line number="70" hits="1"></line>
								<line number="71" hits="0"></line>
								<line number="72" hits="0"></line>
								<line number="73" hits="0"></line>
								<line number="75" hits="1"></line>
								<line number="76" hits="0"></line>
								<line number="77" hits="0"></line>
								<line number="79" hits="1"></line>
								<line number="80" hits="1"></line>
								<line number="81" hits="1"></line>
								<line number="82" hits="1"></line>
								<line number="84" hits="1"></line>
							</lines>
						</method>
					</methods>
					<lines>
						<line number="25" hits="1"></line>
						<line number="30" hits="2"></line>
						<line number="31" hits="2"></line>
						<line number="32" hits="1"></line>
						<line number="33" hits="1"></line>
						<line number="34" hits="0"></line>
						<line number="35" hits="0"></line>
						<line number="37" hits="1"></line>
						<line number="39" hits="1"></line>
						<line number="40" hits="1"></line>
						<line number="41" hits="0"></line>
						<line number="42" hits="0"></line>
						<line number="45" hits="1"></line>
						<line number="46" hits="1"></line>
						<line number="47" hits="0"></line>
						<line number="48" hits="0"></line>
						<line number="50" hits="1"></line>
						<line number="52" hits="1"></line>
						<line number="53" hits="1"></line>
						<line number="58" hits="2"></line>
						<line number="59" hits="2"></line>
						<line number="61" hits="2"></line>
						<line number="62" hits="1"></line>
						<line number="63" hits="0"></line>
						<line number="64" hits="0"></line>
						<line number="65" hits="0"></line>
						<line number="67" hits="1"></line>
						<line number="69" hits="1"></line>
						<line number="70" hits="1"></line>
						<line number="71" hits="0"></line>
						<line number="72" hits="0"></line>
						<line number="73" hits="0"></line>
						<line number="75" hits="1"></line>
						<line number="76" hits="0"></line>
						<line number="77" hits="0"></line>
						<line number="79" hits="1"></line>
						<line number="80" hits="1"></line>
						<line number="81" hits="1"></line>
						<line number="82" hits="1"></line>
						<line number="84" hits="1"></line>
					</lines>
				</class>
			</classes>
		</package>
	</packages>
	<sources>
		<source>/home/rajashrijadhav/RajashriJadhavData/RAJASHRI_ASSIGNMENTS/port_domain_service_backend</source>
	</sources>
</coverage>
