mode: atomic
port_domain_service_backend/internal/adapters/handler/http.go:18.74,22.2 1 3
port_domain_service_backend/internal/adapters/handler/http.go:24.72,26.2 1 1
port_domain_service_backend/internal/adapters/handler/http.go:28.80,31.24 2 2
port_domain_service_backend/internal/adapters/handler/http.go:31.24,33.17 2 1
port_domain_service_backend/internal/adapters/handler/http.go:33.17,36.4 2 0
port_domain_service_backend/internal/adapters/handler/http.go:37.3,40.47 3 1
port_domain_service_backend/internal/adapters/handler/http.go:40.47,43.4 2 0
port_domain_service_backend/internal/adapters/handler/http.go:45.3,46.17 2 1
port_domain_service_backend/internal/adapters/handler/http.go:46.17,49.4 2 0
port_domain_service_backend/internal/adapters/handler/http.go:50.3,50.36 1 1
port_domain_service_backend/internal/adapters/handler/http.go:51.8,54.3 2 1
port_domain_service_backend/internal/adapters/handler/http.go:57.80,61.25 3 2
port_domain_service_backend/internal/adapters/handler/http.go:61.25,62.64 1 1
port_domain_service_backend/internal/adapters/handler/http.go:62.64,66.4 3 0
port_domain_service_backend/internal/adapters/handler/http.go:67.3,70.17 3 1
port_domain_service_backend/internal/adapters/handler/http.go:70.17,74.4 3 0
port_domain_service_backend/internal/adapters/handler/http.go:75.3,75.35 1 1
port_domain_service_backend/internal/adapters/handler/http.go:75.35,78.4 2 0
port_domain_service_backend/internal/adapters/handler/http.go:79.3,82.9 4 1
port_domain_service_backend/internal/adapters/handler/http.go:83.8,85.3 1 1
